  main.cpp
C:\Users\wanna\visfrog\src\main.cpp(231,14): warning C4305: '=': truncation from 'double' to 'float'
C:\Users\wanna\visfrog\src\main.cpp(235,21): warning C4244: '+=': conversion from 'double' to 'float', possible loss of data
C:\Users\wanna\visfrog\src\main.cpp(258,48): warning C4244: 'argument': conversion from 'double' to 'float', possible loss of data
C:\Users\wanna\visfrog\src\main.cpp(258,29): warning C4244: 'argument': conversion from 'double' to 'float', possible loss of data
C:\Users\wanna\visfrog\src\main.cpp(326,36): warning C4244: 'argument': conversion from 'float' to 'int', possible loss of data
C:\Users\wanna\visfrog\src\main.cpp(326,29): warning C4244: 'argument': conversion from 'float' to 'int', possible loss of data
C:\Users\wanna\visfrog\src\main.cpp(456,100): warning C4267: 'argument': conversion from 'size_t' to 'GLsizei', possible loss of data
C:\Users\wanna\visfrog\src\main.cpp(516,47): warning C4267: 'initializing': conversion from 'size_t' to 'int', possible loss of data
C:\Users\wanna\visfrog\src\main.cpp(590,45): warning C4267: '=': conversion from 'size_t' to 'int', possible loss of data
C:\Users\wanna\visfrog\src\main.cpp(602,104): warning C4267: 'argument': conversion from 'size_t' to 'GLsizei', possible loss of data
C:\Users\wanna\visfrog\src\main.cpp(687,34): warning C4244: '=': conversion from 'float' to 'int', possible loss of data
C:\Users\wanna\visfrog\src\main.cpp(688,34): warning C4244: '=': conversion from 'float' to 'int', possible loss of data
C:\Users\wanna\visfrog\src\main.cpp(689,38): warning C4244: '=': conversion from 'float' to 'int', possible loss of data
C:\Users\wanna\visfrog\src\main.cpp(690,40): warning C4244: '=': conversion from 'float' to 'int', possible loss of data
  Generating code
  54 of 1454 functions ( 3.7%) were compiled, the rest were copied from previous compilation.
    0 functions were new in current compilation
    19 functions had inline decision re-evaluated but remain unchanged
  Finished generating code
  visFrogForWindows.vcxproj -> C:\Users\wanna\visfrog\visFrogForWindows\x64\Release\visFrogForWindows.exe
