c:\users\wanna\visfrog\visfrogforwindows\visfrogforwindows\x64\release\vc142.pdb
c:\users\wanna\visfrog\visfrogforwindows\visfrogforwindows\x64\release\main.obj
c:\users\wanna\visfrog\visfrogforwindows\visfrogforwindows\x64\release\marchingcube.obj
c:\users\wanna\visfrog\visfrogforwindows\visfrogforwindows\x64\release\imgui_widgets.obj
c:\users\wanna\visfrog\visfrogforwindows\visfrogforwindows\x64\release\imgui_draw.obj
c:\users\wanna\visfrog\visfrogforwindows\visfrogforwindows\x64\release\imgui_demo.obj
c:\users\wanna\visfrog\visfrogforwindows\visfrogforwindows\x64\release\imgui.obj
c:\users\wanna\visfrog\visfrogforwindows\visfrogforwindows\x64\release\imgui_impl_win32.obj
c:\users\wanna\visfrog\visfrogforwindows\visfrogforwindows\x64\release\imgui_impl_opengl3.obj
c:\users\wanna\visfrog\visfrogforwindows\visfrogforwindows\x64\release\imgui_impl_opengl2.obj
c:\users\wanna\visfrog\visfrogforwindows\visfrogforwindows\x64\release\imgui_impl_glfw.obj
c:\users\wanna\visfrog\visfrogforwindows\x64\release\visfrogforwindows.exe
c:\users\wanna\visfrog\visfrogforwindows\x64\release\visfrogforwindows.pdb
c:\users\wanna\visfrog\visfrogforwindows\x64\release\visfrogforwindows.ipdb
c:\users\wanna\visfrog\visfrogforwindows\x64\release\visfrogforwindows.iobj
c:\users\wanna\visfrog\visfrogforwindows\visfrogforwindows\x64\release\visfrogf.8442a942.tlog\cl.command.1.tlog
c:\users\wanna\visfrog\visfrogforwindows\visfrogforwindows\x64\release\visfrogf.8442a942.tlog\cl.read.1.tlog
c:\users\wanna\visfrog\visfrogforwindows\visfrogforwindows\x64\release\visfrogf.8442a942.tlog\cl.write.1.tlog
c:\users\wanna\visfrog\visfrogforwindows\visfrogforwindows\x64\release\visfrogf.8442a942.tlog\link.command.1.tlog
c:\users\wanna\visfrog\visfrogforwindows\visfrogforwindows\x64\release\visfrogf.8442a942.tlog\link.read.1.tlog
c:\users\wanna\visfrog\visfrogforwindows\visfrogforwindows\x64\release\visfrogf.8442a942.tlog\link.write.1.tlog
c:\users\wanna\visfrog\visfrogforwindows\visfrogforwindows\x64\release\visfrogf.8442a942.tlog\visfrogforwindows.write.1u.tlog
